apiVersion: apps/v1
kind: StatefulSet
metadata:
  annotations:
    kubectl.kubernetes.io/last-applied-configuration: |
      {"apiVersion":"apps/v1","kind":"StatefulSet","metadata":{"annotations":{},"name":"es-cluster","namespace":"kube-logging"},"spec":{"replicas":3,"selector":{"matchLabels":{"app":"elasticsearch"}},"serviceName":"elasticsearch","template":{"metadata":{"labels":{"app":"elasticsearch"}},"spec":{"containers":[{"env":[{"name":"cluster.name","value":"k8s-logs"},{"name":"node.name","valueFrom":{"fieldRef":{"fieldPath":"metadata.name"}}},{"name":"discovery.seed_hosts","value":"es-cluster-0.elasticsearch,es-cluster-1.elasticsearch,es-cluster-2.elasticsearch"},{"name":"cluster.initial_master_nodes","value":"es-cluster-0,es-cluster-1,es-cluster-2"},{"name":"ES_JAVA_OPTS","value":"-Xms512m -Xmx512m"}],"image":"docker.elastic.co/elasticsearch/elasticsearch:7.2.0","name":"elasticsearch","ports":[{"containerPort":9200,"name":"rest","protocol":"TCP"},{"containerPort":9300,"name":"inter-node","protocol":"TCP"}],"resources":{"limits":{"cpu":"1000m"},"requests":{"cpu":"100m"}},"volumeMounts":[{"mountPath":"/usr/share/elasticsearch/data","name":"data"}]}],"initContainers":[{"command":["sh","-c","chown -R 1000:1000 /usr/share/elasticsearch/data"],"image":"busybox","name":"fix-permissions","securityContext":{"privileged":true},"volumeMounts":[{"mountPath":"/usr/share/elasticsearch/data","name":"data"}]},{"command":["sysctl","-w","vm.max_map_count=262144"],"image":"busybox","name":"increase-vm-max-map","securityContext":{"privileged":true}},{"command":["sh","-c","ulimit -n 65536"],"image":"busybox","name":"increase-fd-ulimit","securityContext":{"privileged":true}}]}},"volumeClaimTemplates":[{"metadata":{"labels":{"app":"elasticsearch"},"name":"data"},"spec":{"accessModes":["ReadWriteOnce"],"resources":{"requests":{"storage":"10Gi"}},"storageClassName":"ebs-sc"}}]}}
  creationTimestamp: "2022-11-18T05:34:43Z"
  generation: 1
  name: es-cluster
  namespace: kube-logging
  resourceVersion: "4617002"
  uid: c2145806-ac75-4a62-9203-9aa5e9bb0f7a
spec:
  podManagementPolicy: OrderedReady
  replicas: 3
  revisionHistoryLimit: 10
  selector:
    matchLabels:
      app: elasticsearch
  serviceName: elasticsearch
  template:
    metadata:
      creationTimestamp: null
      labels:
        app: elasticsearch
    spec:
      containers:
      - env:
        - name: cluster.name
          value: k8s-logs
        - name: node.name
          valueFrom:
            fieldRef:
              apiVersion: v1
              fieldPath: metadata.name
        - name: discovery.seed_hosts
          value: es-cluster-0.elasticsearch,es-cluster-1.elasticsearch,es-cluster-2.elasticsearch
        - name: cluster.initial_master_nodes
          value: es-cluster-0,es-cluster-1,es-cluster-2
        - name: ES_JAVA_OPTS
          value: -Xms512m -Xmx512m
        image: docker.elastic.co/elasticsearch/elasticsearch:7.2.0
        imagePullPolicy: IfNotPresent
        name: elasticsearch
        ports:
        - containerPort: 9200
          name: rest
          protocol: TCP
        - containerPort: 9300
          name: inter-node
          protocol: TCP
        resources:
          limits:
            cpu: "1"
          requests:
            cpu: 100m
        terminationMessagePath: /dev/termination-log
        terminationMessagePolicy: File
        volumeMounts:
        - mountPath: /usr/share/elasticsearch/data
          name: data
      dnsPolicy: ClusterFirst
      initContainers:
      - command:
        - sh
        - -c
        - chown -R 1000:1000 /usr/share/elasticsearch/data
        image: busybox
        imagePullPolicy: Always
        name: fix-permissions
        resources: {}
        securityContext:
          privileged: true
        terminationMessagePath: /dev/termination-log
        terminationMessagePolicy: File
        volumeMounts:
        - mountPath: /usr/share/elasticsearch/data
          name: data
      - command:
        - sysctl
        - -w
        - vm.max_map_count=262144
        image: busybox
        imagePullPolicy: Always
        name: increase-vm-max-map
        resources: {}
        securityContext:
          privileged: true
        terminationMessagePath: /dev/termination-log
        terminationMessagePolicy: File
      - command:
        - sh
        - -c
        - ulimit -n 65536
        image: busybox
        imagePullPolicy: Always
        name: increase-fd-ulimit
        resources: {}
        securityContext:
          privileged: true
        terminationMessagePath: /dev/termination-log
        terminationMessagePolicy: File
      restartPolicy: Always
      schedulerName: default-scheduler
      securityContext: {}
      terminationGracePeriodSeconds: 30
  updateStrategy:
    rollingUpdate:
      partition: 0
    type: RollingUpdate
  volumeClaimTemplates:
  - apiVersion: v1
    kind: PersistentVolumeClaim
    metadata:
      creationTimestamp: null
      labels:
        app: elasticsearch
      name: data
    spec:
      accessModes:
      - ReadWriteOnce
      resources:
        requests:
          storage: 10Gi
      storageClassName: ebs-sc
      volumeMode: Filesystem
    status:
      phase: Pending
status:
  availableReplicas: 3
  collisionCount: 0
  currentReplicas: 3
  currentRevision: es-cluster-577cc5b6d8
  observedGeneration: 1
  readyReplicas: 3
  replicas: 3
  updateRevision: es-cluster-577cc5b6d8
  updatedReplicas: 3
